<?xml version="1.0" encoding="UTF-8"?>
<!-- Generated by org.testng.reporters.JUnitXMLReporter -->
<testsuite ignored="0" hostname="DESKTOP-5JFS7KH" failures="0" tests="4" name="Default test" time="37.811" errors="0" timestamp="2022-08-23T01:10:31 WIB">
  <testcase classname="com.juaracoding.appium.TestCalculator" name="testAdd" time="6.634"/>
  <testcase classname="com.juaracoding.appium.TestCalculator" name="testDiv" time="6.144"/>
  <testcase classname="com.juaracoding.appium.TestCalculator" name="testMul" time="6.653"/>
  <testcase classname="com.juaracoding.appium.TestCalculator" name="testSub" time="6.75"/>
</testsuite> <!-- Default test -->
