<?xml version="1.0" encoding="UTF-8"?>
<testng-results ignored="0" total="1" passed="1" failed="0" skipped="0">
  <reporter-output>
  </reporter-output>
  <suite started-at="2022-08-22T21:29:43 WIB" name="Default suite" finished-at="2022-08-22T21:29:55 WIB" duration-ms="11992">
    <groups>
    </groups>
    <test started-at="2022-08-22T21:29:43 WIB" name="Default test" finished-at="2022-08-22T21:29:55 WIB" duration-ms="11992">
      <class name="com.juaracoding.appium.TestCalculator">
        <test-method is-config="true" signature="setup()[pri:0, instance:com.juaracoding.appium.TestCalculator@636be97c]" started-at="2022-08-22T21:29:43 WIB" name="setup" finished-at="2022-08-22T21:29:51 WIB" duration-ms="7831" status="PASS">
          <reporter-output>
          </reporter-output>
        </test-method> <!-- setup -->
        <test-method is-config="true" signature="pageObject()[pri:0, instance:com.juaracoding.appium.TestCalculator@636be97c]" started-at="2022-08-22T21:29:51 WIB" name="pageObject" finished-at="2022-08-22T21:29:51 WIB" duration-ms="2" status="PASS">
          <reporter-output>
          </reporter-output>
        </test-method> <!-- pageObject -->
        <test-method signature="testAdd()[pri:0, instance:com.juaracoding.appium.TestCalculator@636be97c]" started-at="2022-08-22T21:29:51 WIB" name="testAdd" finished-at="2022-08-22T21:29:55 WIB" duration-ms="3795" status="PASS">
          <reporter-output>
          </reporter-output>
        </test-method> <!-- testAdd -->
        <test-method is-config="true" signature="closeApp()[pri:0, instance:com.juaracoding.appium.TestCalculator@636be97c]" started-at="2022-08-22T21:29:55 WIB" name="closeApp" finished-at="2022-08-22T21:29:55 WIB" duration-ms="335" status="PASS">
          <reporter-output>
          </reporter-output>
        </test-method> <!-- closeApp -->
      </class> <!-- com.juaracoding.appium.TestCalculator -->
    </test> <!-- Default test -->
  </suite> <!-- Default suite -->
</testng-results>
