<?xml version="1.0" encoding="UTF-8"?>
<testng-results ignored="0" total="4" passed="4" failed="0" skipped="0">
  <reporter-output>
  </reporter-output>
  <suite started-at="2022-08-23T01:09:53 WIB" name="Default suite" finished-at="2022-08-23T01:10:31 WIB" duration-ms="37811">
    <groups>
    </groups>
    <test started-at="2022-08-23T01:09:53 WIB" name="Default test" finished-at="2022-08-23T01:10:31 WIB" duration-ms="37811">
      <class name="com.juaracoding.appium.TestCalculator">
        <test-method is-config="true" signature="setup()[pri:0, instance:com.juaracoding.appium.TestCalculator@6ca8564a]" started-at="2022-08-23T01:09:53 WIB" name="setup" finished-at="2022-08-23T01:10:05 WIB" duration-ms="11320" status="PASS">
          <reporter-output>
          </reporter-output>
        </test-method> <!-- setup -->
        <test-method is-config="true" signature="pageObject()[pri:0, instance:com.juaracoding.appium.TestCalculator@6ca8564a]" started-at="2022-08-23T01:10:05 WIB" name="pageObject" finished-at="2022-08-23T01:10:05 WIB" duration-ms="2" status="PASS">
          <reporter-output>
          </reporter-output>
        </test-method> <!-- pageObject -->
        <test-method signature="testAdd()[pri:0, instance:com.juaracoding.appium.TestCalculator@6ca8564a]" started-at="2022-08-23T01:10:05 WIB" name="testAdd" finished-at="2022-08-23T01:10:11 WIB" duration-ms="6634" status="PASS">
          <reporter-output>
          </reporter-output>
        </test-method> <!-- testAdd -->
        <test-method signature="testDiv()[pri:0, instance:com.juaracoding.appium.TestCalculator@6ca8564a]" started-at="2022-08-23T01:10:11 WIB" name="testDiv" finished-at="2022-08-23T01:10:17 WIB" duration-ms="6144" status="PASS">
          <reporter-output>
          </reporter-output>
        </test-method> <!-- testDiv -->
        <test-method is-config="true" signature="pageObject()[pri:0, instance:com.juaracoding.appium.TestCalculator@6ca8564a]" started-at="2022-08-23T01:10:11 WIB" name="pageObject" finished-at="2022-08-23T01:10:11 WIB" duration-ms="0" status="PASS">
          <reporter-output>
          </reporter-output>
        </test-method> <!-- pageObject -->
        <test-method is-config="true" signature="pageObject()[pri:0, instance:com.juaracoding.appium.TestCalculator@6ca8564a]" started-at="2022-08-23T01:10:17 WIB" name="pageObject" finished-at="2022-08-23T01:10:17 WIB" duration-ms="0" status="PASS">
          <reporter-output>
          </reporter-output>
        </test-method> <!-- pageObject -->
        <test-method signature="testMul()[pri:0, instance:com.juaracoding.appium.TestCalculator@6ca8564a]" started-at="2022-08-23T01:10:17 WIB" name="testMul" finished-at="2022-08-23T01:10:24 WIB" duration-ms="6653" status="PASS">
          <reporter-output>
          </reporter-output>
        </test-method> <!-- testMul -->
        <test-method is-config="true" signature="pageObject()[pri:0, instance:com.juaracoding.appium.TestCalculator@6ca8564a]" started-at="2022-08-23T01:10:24 WIB" name="pageObject" finished-at="2022-08-23T01:10:24 WIB" duration-ms="0" status="PASS">
          <reporter-output>
          </reporter-output>
        </test-method> <!-- pageObject -->
        <test-method signature="testSub()[pri:0, instance:com.juaracoding.appium.TestCalculator@6ca8564a]" started-at="2022-08-23T01:10:24 WIB" name="testSub" finished-at="2022-08-23T01:10:31 WIB" duration-ms="6750" status="PASS">
          <reporter-output>
          </reporter-output>
        </test-method> <!-- testSub -->
        <test-method is-config="true" signature="closeApp()[pri:0, instance:com.juaracoding.appium.TestCalculator@6ca8564a]" started-at="2022-08-23T01:10:31 WIB" name="closeApp" finished-at="2022-08-23T01:10:31 WIB" duration-ms="276" status="PASS">
          <reporter-output>
          </reporter-output>
        </test-method> <!-- closeApp -->
      </class> <!-- com.juaracoding.appium.TestCalculator -->
    </test> <!-- Default test -->
  </suite> <!-- Default suite -->
</testng-results>
